0c02bdef-ea31-4137-90a1-e9d26a2cb696 test@google.com 2023-08-17 22:41:21.735 ERROR 37464 --- [http-nio-8080-exec-3] s.s.auth.controller.AuthController       : error
3a5b437d-5ded-4923-af9d-649070f2e3f9 test@google.com 2023-08-17 22:42:25.121 ERROR 37464 --- [http-nio-8080-exec-5] s.s.auth.controller.AuthController       : error
d0746fed-c826-4fe2-8652-e44857a717fb test@google.com 2023-08-17 22:43:08.752 ERROR 33980 --- [http-nio-8080-exec-1] s.s.auth.controller.AuthController       : error
5e9a06a9-d720-42af-8ae2-e0777d99a19d test@google.com 2023-08-17 22:43:29.402 ERROR 33980 --- [http-nio-8080-exec-4] s.s.auth.controller.AuthController       : error
eb562dc4-6b28-494b-8630-06b632b93db1 test@google.com 2023-08-17 22:43:35.437 ERROR 33980 --- [http-nio-8080-exec-6] s.s.auth.controller.AuthController       : error
a87699c5-aee1-4d66-8c3b-7fd830ce1aad test@google.com 2023-08-17 22:44:20.553 ERROR 33980 --- [http-nio-8080-exec-8] s.s.auth.controller.AuthController       : error
  2023-08-17 22:46:53.303  INFO 8736 --- [main] s.s.StackoverflowApplication             : Starting StackoverflowApplication using Java 11.0.17 on hobeen with PID 8736 (C:\Users\kimhobeen\IdeaProjects\codeStates\seb45_pre_023\Server\build\classes\java\main started by kimhobeen in C:\Users\kimhobeen\IdeaProjects\codeStates\seb45_pre_023\Server)
  2023-08-17 22:46:53.307  INFO 8736 --- [main] s.s.StackoverflowApplication             : The following 1 profile is active: "local"
  2023-08-17 22:46:54.401  INFO 8736 --- [main] .s.d.r.c.RepositoryConfigurationDelegate : Multiple Spring Data modules found, entering strict repository configuration mode
  2023-08-17 22:46:54.406  INFO 8736 --- [main] .s.d.r.c.RepositoryConfigurationDelegate : Bootstrapping Spring Data JPA repositories in DEFAULT mode.
  2023-08-17 22:46:54.841  INFO 8736 --- [main] .s.d.r.c.RepositoryConfigurationDelegate : Finished Spring Data repository scanning in 425 ms. Found 7 JPA repository interfaces.
  2023-08-17 22:46:54.865  INFO 8736 --- [main] .s.d.r.c.RepositoryConfigurationDelegate : Multiple Spring Data modules found, entering strict repository configuration mode
  2023-08-17 22:46:54.870  INFO 8736 --- [main] .s.d.r.c.RepositoryConfigurationDelegate : Bootstrapping Spring Data Redis repositories in DEFAULT mode.
  2023-08-17 22:46:54.983  INFO 8736 --- [main] .RepositoryConfigurationExtensionSupport : Spring Data Redis - Could not safely identify store assignment for repository candidate interface sixman.stackoverflow.domain.answer.repository.AnswerRepository; If you want this repository to be a Redis repository, consider annotating your entities with one of these annotations: org.springframework.data.redis.core.RedisHash (preferred), or consider extending one of the following types with your repository: org.springframework.data.keyvalue.repository.KeyValueRepository
  2023-08-17 22:46:54.986  INFO 8736 --- [main] .RepositoryConfigurationExtensionSupport : Spring Data Redis - Could not safely identify store assignment for repository candidate interface sixman.stackoverflow.domain.answerrecommend.answerrecommendrepository.AnswerRecommendRepository; If you want this repository to be a Redis repository, consider annotating your entities with one of these annotations: org.springframework.data.redis.core.RedisHash (preferred), or consider extending one of the following types with your repository: org.springframework.data.keyvalue.repository.KeyValueRepository
  2023-08-17 22:46:54.988  INFO 8736 --- [main] .RepositoryConfigurationExtensionSupport : Spring Data Redis - Could not safely identify store assignment for repository candidate interface sixman.stackoverflow.domain.member.repository.MemberRepository; If you want this repository to be a Redis repository, consider annotating your entities with one of these annotations: org.springframework.data.redis.core.RedisHash (preferred), or consider extending one of the following types with your repository: org.springframework.data.keyvalue.repository.KeyValueRepository
  2023-08-17 22:46:54.990  INFO 8736 --- [main] .RepositoryConfigurationExtensionSupport : Spring Data Redis - Could not safely identify store assignment for repository candidate interface sixman.stackoverflow.domain.question.repository.QuestionRepository; If you want this repository to be a Redis repository, consider annotating your entities with one of these annotations: org.springframework.data.redis.core.RedisHash (preferred), or consider extending one of the following types with your repository: org.springframework.data.keyvalue.repository.KeyValueRepository
  2023-08-17 22:46:54.993  INFO 8736 --- [main] .RepositoryConfigurationExtensionSupport : Spring Data Redis - Could not safely identify store assignment for repository candidate interface sixman.stackoverflow.domain.questionrecommend.repository.QuestionRecommendRepository; If you want this repository to be a Redis repository, consider annotating your entities with one of these annotations: org.springframework.data.redis.core.RedisHash (preferred), or consider extending one of the following types with your repository: org.springframework.data.keyvalue.repository.KeyValueRepository
  2023-08-17 22:46:54.995  INFO 8736 --- [main] .RepositoryConfigurationExtensionSupport : Spring Data Redis - Could not safely identify store assignment for repository candidate interface sixman.stackoverflow.domain.reply.repository.ReplyRepository; If you want this repository to be a Redis repository, consider annotating your entities with one of these annotations: org.springframework.data.redis.core.RedisHash (preferred), or consider extending one of the following types with your repository: org.springframework.data.keyvalue.repository.KeyValueRepository
  2023-08-17 22:46:54.996  INFO 8736 --- [main] .RepositoryConfigurationExtensionSupport : Spring Data Redis - Could not safely identify store assignment for repository candidate interface sixman.stackoverflow.domain.tag.repository.TagRepository; If you want this repository to be a Redis repository, consider annotating your entities with one of these annotations: org.springframework.data.redis.core.RedisHash (preferred), or consider extending one of the following types with your repository: org.springframework.data.keyvalue.repository.KeyValueRepository
  2023-08-17 22:46:54.996  INFO 8736 --- [main] .s.d.r.c.RepositoryConfigurationDelegate : Finished Spring Data repository scanning in 112 ms. Found 0 Redis repository interfaces.
  2023-08-17 22:46:55.733  INFO 8736 --- [main] o.s.b.w.embedded.tomcat.TomcatWebServer  : Tomcat initialized with port(s): 8080 (http)
  2023-08-17 22:46:55.747  INFO 8736 --- [main] o.apache.catalina.core.StandardService   : Starting service [Tomcat]
  2023-08-17 22:46:55.747  INFO 8736 --- [main] org.apache.catalina.core.StandardEngine  : Starting Servlet engine: [Apache Tomcat/9.0.78]
  2023-08-17 22:46:55.910  INFO 8736 --- [main] o.a.c.c.C.[Tomcat].[localhost].[/]       : Initializing Spring embedded WebApplicationContext
  2023-08-17 22:46:55.910  INFO 8736 --- [main] w.s.c.ServletWebServerApplicationContext : Root WebApplicationContext: initialization completed in 2542 ms
  2023-08-17 22:46:55.940  INFO 8736 --- [main] com.zaxxer.hikari.HikariDataSource       : HikariPool-1 - Starting...
  2023-08-17 22:46:56.213  INFO 8736 --- [main] com.zaxxer.hikari.HikariDataSource       : HikariPool-1 - Start completed.
  2023-08-17 22:46:56.230  INFO 8736 --- [main] o.s.b.a.h2.H2ConsoleAutoConfiguration    : H2 console available at '/h2'. Database available at 'jdbc:h2:mem:test'
  2023-08-17 22:46:56.473  INFO 8736 --- [main] o.hibernate.jpa.internal.util.LogHelper  : HHH000204: Processing PersistenceUnitInfo [name: default]
  2023-08-17 22:46:56.542  INFO 8736 --- [main] org.hibernate.Version                    : HHH000412: Hibernate ORM core version 5.6.15.Final
  2023-08-17 22:46:56.757  INFO 8736 --- [main] o.hibernate.annotations.common.Version   : HCANN000001: Hibernate Commons Annotations {5.1.2.Final}
  2023-08-17 22:46:56.920  INFO 8736 --- [main] org.hibernate.dialect.Dialect            : HHH000400: Using dialect: org.hibernate.dialect.H2Dialect
  2023-08-17 22:46:57.965  INFO 8736 --- [main] o.h.e.t.j.p.i.JtaPlatformInitiator       : HHH000490: Using JtaPlatform implementation: [org.hibernate.engine.transaction.jta.platform.internal.NoJtaPlatform]
  2023-08-17 22:46:57.980  INFO 8736 --- [main] j.LocalContainerEntityManagerFactoryBean : Initialized JPA EntityManagerFactory for persistence unit 'default'
  2023-08-17 22:46:59.943  INFO 8736 --- [main] o.s.s.web.DefaultSecurityFilterChain     : Will secure any request with [org.springframework.security.web.session.DisableEncodeUrlFilter@19aa9540, org.springframework.security.web.context.request.async.WebAsyncManagerIntegrationFilter@4cb084b, org.springframework.security.web.context.SecurityContextPersistenceFilter@685280dd, org.springframework.security.web.header.HeaderWriterFilter@30b91493, org.springframework.web.filter.CorsFilter@7d911f95, org.springframework.security.web.authentication.logout.LogoutFilter@28068327, org.springframework.security.oauth2.client.web.OAuth2AuthorizationRequestRedirectFilter@792bf78a, org.springframework.security.oauth2.client.web.OAuth2LoginAuthenticationFilter@4e60925d, sixman.stackoverflow.auth.jwt.filter.JwtAuthenticationFilter@7313e4fb, sixman.stackoverflow.auth.jwt.filter.JwtRefreshFilter@3e5e7f4c, sixman.stackoverflow.auth.jwt.filter.JwtVerificationFilter@620ba19c, org.springframework.security.web.savedrequest.RequestCacheAwareFilter@5b0fc8c2, org.springframework.security.web.servletapi.SecurityContextHolderAwareRequestFilter@2140582, org.springframework.security.web.authentication.AnonymousAuthenticationFilter@179367ff, org.springframework.security.web.session.SessionManagementFilter@3a7abd4, org.springframework.security.web.access.ExceptionTranslationFilter@11f6a083, org.springframework.security.web.access.intercept.FilterSecurityInterceptor@6afd0ef8]
  2023-08-17 22:46:59.993  WARN 8736 --- [main] JpaBaseConfiguration$JpaWebConfiguration : spring.jpa.open-in-view is enabled by default. Therefore, database queries may be performed during view rendering. Explicitly configure spring.jpa.open-in-view to disable this warning
  2023-08-17 22:47:00.208  INFO 8736 --- [main] o.s.b.a.w.s.WelcomePageHandlerMapping    : Adding welcome page: class path resource [static/index.html]
  2023-08-17 22:47:00.556  INFO 8736 --- [main] o.s.b.w.embedded.tomcat.TomcatWebServer  : Tomcat started on port(s): 8080 (http) with context path ''
  2023-08-17 22:47:00.569  INFO 8736 --- [main] s.s.StackoverflowApplication             : Started StackoverflowApplication in 7.995 seconds (JVM running for 9.478)
  2023-08-17 22:47:05.659  INFO 8736 --- [http-nio-8080-exec-2] o.a.c.c.C.[Tomcat].[localhost].[/]       : Initializing Spring DispatcherServlet 'dispatcherServlet'
  2023-08-17 22:47:05.661  INFO 8736 --- [http-nio-8080-exec-2] o.s.web.servlet.DispatcherServlet        : Initializing Servlet 'dispatcherServlet'
  2023-08-17 22:47:05.663  INFO 8736 --- [http-nio-8080-exec-2] o.s.web.servlet.DispatcherServlet        : Completed initialization in 1 ms
eef3c293-b001-47d2-9e87-ae55a0c7ecb3 test@google.com 2023-08-17 22:47:05.802  INFO 8736 --- [http-nio-8080-exec-2] s.s.global.log.MDCLoggingFilter          : [eef3c293-b001-47d2-9e87-ae55a0c7ecb3][test@google.com][duration : 2023-08-17T22:47:05.669833]
  2023-08-17 22:47:58.554  INFO 14204 --- [main] s.s.StackoverflowApplication             : Starting StackoverflowApplication using Java 11.0.17 on hobeen with PID 14204 (C:\Users\kimhobeen\IdeaProjects\codeStates\seb45_pre_023\Server\build\classes\java\main started by kimhobeen in C:\Users\kimhobeen\IdeaProjects\codeStates\seb45_pre_023\Server)
  2023-08-17 22:47:58.557  INFO 14204 --- [main] s.s.StackoverflowApplication             : The following 1 profile is active: "local"
  2023-08-17 22:47:59.503  INFO 14204 --- [main] .s.d.r.c.RepositoryConfigurationDelegate : Multiple Spring Data modules found, entering strict repository configuration mode
  2023-08-17 22:47:59.507  INFO 14204 --- [main] .s.d.r.c.RepositoryConfigurationDelegate : Bootstrapping Spring Data JPA repositories in DEFAULT mode.
  2023-08-17 22:47:59.782  INFO 14204 --- [main] .s.d.r.c.RepositoryConfigurationDelegate : Finished Spring Data repository scanning in 265 ms. Found 7 JPA repository interfaces.
  2023-08-17 22:47:59.793  INFO 14204 --- [main] .s.d.r.c.RepositoryConfigurationDelegate : Multiple Spring Data modules found, entering strict repository configuration mode
  2023-08-17 22:47:59.795  INFO 14204 --- [main] .s.d.r.c.RepositoryConfigurationDelegate : Bootstrapping Spring Data Redis repositories in DEFAULT mode.
  2023-08-17 22:47:59.841  INFO 14204 --- [main] .RepositoryConfigurationExtensionSupport : Spring Data Redis - Could not safely identify store assignment for repository candidate interface sixman.stackoverflow.domain.answer.repository.AnswerRepository; If you want this repository to be a Redis repository, consider annotating your entities with one of these annotations: org.springframework.data.redis.core.RedisHash (preferred), or consider extending one of the following types with your repository: org.springframework.data.keyvalue.repository.KeyValueRepository
  2023-08-17 22:47:59.843  INFO 14204 --- [main] .RepositoryConfigurationExtensionSupport : Spring Data Redis - Could not safely identify store assignment for repository candidate interface sixman.stackoverflow.domain.answerrecommend.answerrecommendrepository.AnswerRecommendRepository; If you want this repository to be a Redis repository, consider annotating your entities with one of these annotations: org.springframework.data.redis.core.RedisHash (preferred), or consider extending one of the following types with your repository: org.springframework.data.keyvalue.repository.KeyValueRepository
  2023-08-17 22:47:59.844  INFO 14204 --- [main] .RepositoryConfigurationExtensionSupport : Spring Data Redis - Could not safely identify store assignment for repository candidate interface sixman.stackoverflow.domain.member.repository.MemberRepository; If you want this repository to be a Redis repository, consider annotating your entities with one of these annotations: org.springframework.data.redis.core.RedisHash (preferred), or consider extending one of the following types with your repository: org.springframework.data.keyvalue.repository.KeyValueRepository
  2023-08-17 22:47:59.844  INFO 14204 --- [main] .RepositoryConfigurationExtensionSupport : Spring Data Redis - Could not safely identify store assignment for repository candidate interface sixman.stackoverflow.domain.question.repository.QuestionRepository; If you want this repository to be a Redis repository, consider annotating your entities with one of these annotations: org.springframework.data.redis.core.RedisHash (preferred), or consider extending one of the following types with your repository: org.springframework.data.keyvalue.repository.KeyValueRepository
  2023-08-17 22:47:59.845  INFO 14204 --- [main] .RepositoryConfigurationExtensionSupport : Spring Data Redis - Could not safely identify store assignment for repository candidate interface sixman.stackoverflow.domain.questionrecommend.repository.QuestionRecommendRepository; If you want this repository to be a Redis repository, consider annotating your entities with one of these annotations: org.springframework.data.redis.core.RedisHash (preferred), or consider extending one of the following types with your repository: org.springframework.data.keyvalue.repository.KeyValueRepository
  2023-08-17 22:47:59.846  INFO 14204 --- [main] .RepositoryConfigurationExtensionSupport : Spring Data Redis - Could not safely identify store assignment for repository candidate interface sixman.stackoverflow.domain.reply.repository.ReplyRepository; If you want this repository to be a Redis repository, consider annotating your entities with one of these annotations: org.springframework.data.redis.core.RedisHash (preferred), or consider extending one of the following types with your repository: org.springframework.data.keyvalue.repository.KeyValueRepository
  2023-08-17 22:47:59.846  INFO 14204 --- [main] .RepositoryConfigurationExtensionSupport : Spring Data Redis - Could not safely identify store assignment for repository candidate interface sixman.stackoverflow.domain.tag.repository.TagRepository; If you want this repository to be a Redis repository, consider annotating your entities with one of these annotations: org.springframework.data.redis.core.RedisHash (preferred), or consider extending one of the following types with your repository: org.springframework.data.keyvalue.repository.KeyValueRepository
  2023-08-17 22:47:59.847  INFO 14204 --- [main] .s.d.r.c.RepositoryConfigurationDelegate : Finished Spring Data repository scanning in 40 ms. Found 0 Redis repository interfaces.
  2023-08-17 22:48:00.531  INFO 14204 --- [main] o.s.b.w.embedded.tomcat.TomcatWebServer  : Tomcat initialized with port(s): 8080 (http)
  2023-08-17 22:48:00.552  INFO 14204 --- [main] o.apache.catalina.core.StandardService   : Starting service [Tomcat]
  2023-08-17 22:48:00.552  INFO 14204 --- [main] org.apache.catalina.core.StandardEngine  : Starting Servlet engine: [Apache Tomcat/9.0.78]
  2023-08-17 22:48:00.844  INFO 14204 --- [main] o.a.c.c.C.[Tomcat].[localhost].[/]       : Initializing Spring embedded WebApplicationContext
  2023-08-17 22:48:00.844  INFO 14204 --- [main] w.s.c.ServletWebServerApplicationContext : Root WebApplicationContext: initialization completed in 2239 ms
  2023-08-17 22:48:00.872  INFO 14204 --- [main] com.zaxxer.hikari.HikariDataSource       : HikariPool-1 - Starting...
  2023-08-17 22:48:01.210  INFO 14204 --- [main] com.zaxxer.hikari.HikariDataSource       : HikariPool-1 - Start completed.
  2023-08-17 22:48:01.222  INFO 14204 --- [main] o.s.b.a.h2.H2ConsoleAutoConfiguration    : H2 console available at '/h2'. Database available at 'jdbc:h2:mem:test'
  2023-08-17 22:48:01.408  INFO 14204 --- [main] o.hibernate.jpa.internal.util.LogHelper  : HHH000204: Processing PersistenceUnitInfo [name: default]
  2023-08-17 22:48:01.468  INFO 14204 --- [main] org.hibernate.Version                    : HHH000412: Hibernate ORM core version 5.6.15.Final
  2023-08-17 22:48:01.681  INFO 14204 --- [main] o.hibernate.annotations.common.Version   : HCANN000001: Hibernate Commons Annotations {5.1.2.Final}
  2023-08-17 22:48:01.817  INFO 14204 --- [main] org.hibernate.dialect.Dialect            : HHH000400: Using dialect: org.hibernate.dialect.H2Dialect
  2023-08-17 22:48:02.804  INFO 14204 --- [main] o.h.e.t.j.p.i.JtaPlatformInitiator       : HHH000490: Using JtaPlatform implementation: [org.hibernate.engine.transaction.jta.platform.internal.NoJtaPlatform]
  2023-08-17 22:48:02.819  INFO 14204 --- [main] j.LocalContainerEntityManagerFactoryBean : Initialized JPA EntityManagerFactory for persistence unit 'default'
  2023-08-17 22:48:04.616  INFO 14204 --- [main] o.s.s.web.DefaultSecurityFilterChain     : Will secure any request with [org.springframework.security.web.session.DisableEncodeUrlFilter@6be6cb16, org.springframework.security.web.context.request.async.WebAsyncManagerIntegrationFilter@69ee825c, org.springframework.security.web.context.SecurityContextPersistenceFilter@2771e501, org.springframework.security.web.header.HeaderWriterFilter@2c64e2d0, org.springframework.web.filter.CorsFilter@5c44bce3, org.springframework.security.web.authentication.logout.LogoutFilter@85446a, org.springframework.security.oauth2.client.web.OAuth2AuthorizationRequestRedirectFilter@492d0748, org.springframework.security.oauth2.client.web.OAuth2LoginAuthenticationFilter@6a4ba6f4, sixman.stackoverflow.auth.jwt.filter.JwtAuthenticationFilter@444958a4, sixman.stackoverflow.auth.jwt.filter.JwtRefreshFilter@19aa9540, sixman.stackoverflow.auth.jwt.filter.JwtVerificationFilter@4cb084b, org.springframework.security.web.savedrequest.RequestCacheAwareFilter@3846ba32, org.springframework.security.web.servletapi.SecurityContextHolderAwareRequestFilter@40a32c25, org.springframework.security.web.authentication.AnonymousAuthenticationFilter@7d911f95, org.springframework.security.web.session.SessionManagementFilter@11f6a083, org.springframework.security.web.access.ExceptionTranslationFilter@15382815, org.springframework.security.web.access.intercept.FilterSecurityInterceptor@9da20f1]
  2023-08-17 22:48:04.664  WARN 14204 --- [main] JpaBaseConfiguration$JpaWebConfiguration : spring.jpa.open-in-view is enabled by default. Therefore, database queries may be performed during view rendering. Explicitly configure spring.jpa.open-in-view to disable this warning
  2023-08-17 22:48:04.884  INFO 14204 --- [main] o.s.b.a.w.s.WelcomePageHandlerMapping    : Adding welcome page: class path resource [static/index.html]
  2023-08-17 22:48:05.159  INFO 14204 --- [main] o.s.b.w.embedded.tomcat.TomcatWebServer  : Tomcat started on port(s): 8080 (http) with context path ''
  2023-08-17 22:48:05.171  INFO 14204 --- [main] s.s.StackoverflowApplication             : Started StackoverflowApplication in 7.2 seconds (JVM running for 8.658)
  2023-08-17 22:49:30.293  INFO 21692 --- [main] s.s.StackoverflowApplication             : Starting StackoverflowApplication using Java 11.0.17 on hobeen with PID 21692 (C:\Users\kimhobeen\IdeaProjects\codeStates\seb45_pre_023\Server\build\classes\java\main started by kimhobeen in C:\Users\kimhobeen\IdeaProjects\codeStates\seb45_pre_023\Server)
  2023-08-17 22:49:30.295  INFO 21692 --- [main] s.s.StackoverflowApplication             : The following 1 profile is active: "local"
  2023-08-17 22:49:31.288  INFO 21692 --- [main] .s.d.r.c.RepositoryConfigurationDelegate : Multiple Spring Data modules found, entering strict repository configuration mode
  2023-08-17 22:49:31.292  INFO 21692 --- [main] .s.d.r.c.RepositoryConfigurationDelegate : Bootstrapping Spring Data JPA repositories in DEFAULT mode.
  2023-08-17 22:49:31.585  INFO 21692 --- [main] .s.d.r.c.RepositoryConfigurationDelegate : Finished Spring Data repository scanning in 280 ms. Found 7 JPA repository interfaces.
  2023-08-17 22:49:31.602  INFO 21692 --- [main] .s.d.r.c.RepositoryConfigurationDelegate : Multiple Spring Data modules found, entering strict repository configuration mode
  2023-08-17 22:49:31.604  INFO 21692 --- [main] .s.d.r.c.RepositoryConfigurationDelegate : Bootstrapping Spring Data Redis repositories in DEFAULT mode.
  2023-08-17 22:49:31.662  INFO 21692 --- [main] .RepositoryConfigurationExtensionSupport : Spring Data Redis - Could not safely identify store assignment for repository candidate interface sixman.stackoverflow.domain.answer.repository.AnswerRepository; If you want this repository to be a Redis repository, consider annotating your entities with one of these annotations: org.springframework.data.redis.core.RedisHash (preferred), or consider extending one of the following types with your repository: org.springframework.data.keyvalue.repository.KeyValueRepository
  2023-08-17 22:49:31.663  INFO 21692 --- [main] .RepositoryConfigurationExtensionSupport : Spring Data Redis - Could not safely identify store assignment for repository candidate interface sixman.stackoverflow.domain.answerrecommend.answerrecommendrepository.AnswerRecommendRepository; If you want this repository to be a Redis repository, consider annotating your entities with one of these annotations: org.springframework.data.redis.core.RedisHash (preferred), or consider extending one of the following types with your repository: org.springframework.data.keyvalue.repository.KeyValueRepository
  2023-08-17 22:49:31.663  INFO 21692 --- [main] .RepositoryConfigurationExtensionSupport : Spring Data Redis - Could not safely identify store assignment for repository candidate interface sixman.stackoverflow.domain.member.repository.MemberRepository; If you want this repository to be a Redis repository, consider annotating your entities with one of these annotations: org.springframework.data.redis.core.RedisHash (preferred), or consider extending one of the following types with your repository: org.springframework.data.keyvalue.repository.KeyValueRepository
  2023-08-17 22:49:31.664  INFO 21692 --- [main] .RepositoryConfigurationExtensionSupport : Spring Data Redis - Could not safely identify store assignment for repository candidate interface sixman.stackoverflow.domain.question.repository.QuestionRepository; If you want this repository to be a Redis repository, consider annotating your entities with one of these annotations: org.springframework.data.redis.core.RedisHash (preferred), or consider extending one of the following types with your repository: org.springframework.data.keyvalue.repository.KeyValueRepository
  2023-08-17 22:49:31.665  INFO 21692 --- [main] .RepositoryConfigurationExtensionSupport : Spring Data Redis - Could not safely identify store assignment for repository candidate interface sixman.stackoverflow.domain.questionrecommend.repository.QuestionRecommendRepository; If you want this repository to be a Redis repository, consider annotating your entities with one of these annotations: org.springframework.data.redis.core.RedisHash (preferred), or consider extending one of the following types with your repository: org.springframework.data.keyvalue.repository.KeyValueRepository
  2023-08-17 22:49:31.666  INFO 21692 --- [main] .RepositoryConfigurationExtensionSupport : Spring Data Redis - Could not safely identify store assignment for repository candidate interface sixman.stackoverflow.domain.reply.repository.ReplyRepository; If you want this repository to be a Redis repository, consider annotating your entities with one of these annotations: org.springframework.data.redis.core.RedisHash (preferred), or consider extending one of the following types with your repository: org.springframework.data.keyvalue.repository.KeyValueRepository
  2023-08-17 22:49:31.667  INFO 21692 --- [main] .RepositoryConfigurationExtensionSupport : Spring Data Redis - Could not safely identify store assignment for repository candidate interface sixman.stackoverflow.domain.tag.repository.TagRepository; If you want this repository to be a Redis repository, consider annotating your entities with one of these annotations: org.springframework.data.redis.core.RedisHash (preferred), or consider extending one of the following types with your repository: org.springframework.data.keyvalue.repository.KeyValueRepository
  2023-08-17 22:49:31.668  INFO 21692 --- [main] .s.d.r.c.RepositoryConfigurationDelegate : Finished Spring Data repository scanning in 53 ms. Found 0 Redis repository interfaces.
  2023-08-17 22:49:32.520  INFO 21692 --- [main] o.s.b.w.embedded.tomcat.TomcatWebServer  : Tomcat initialized with port(s): 8080 (http)
  2023-08-17 22:49:32.534  INFO 21692 --- [main] o.apache.catalina.core.StandardService   : Starting service [Tomcat]
  2023-08-17 22:49:32.534  INFO 21692 --- [main] org.apache.catalina.core.StandardEngine  : Starting Servlet engine: [Apache Tomcat/9.0.78]
  2023-08-17 22:49:32.727  INFO 21692 --- [main] o.a.c.c.C.[Tomcat].[localhost].[/]       : Initializing Spring embedded WebApplicationContext
  2023-08-17 22:49:32.727  INFO 21692 --- [main] w.s.c.ServletWebServerApplicationContext : Root WebApplicationContext: initialization completed in 2380 ms
  2023-08-17 22:49:32.760  INFO 21692 --- [main] com.zaxxer.hikari.HikariDataSource       : HikariPool-1 - Starting...
  2023-08-17 22:49:33.010  INFO 21692 --- [main] com.zaxxer.hikari.HikariDataSource       : HikariPool-1 - Start completed.
  2023-08-17 22:49:33.026  INFO 21692 --- [main] o.s.b.a.h2.H2ConsoleAutoConfiguration    : H2 console available at '/h2'. Database available at 'jdbc:h2:mem:test'
  2023-08-17 22:49:33.309  INFO 21692 --- [main] org.hibernate.Version                    : HHH000412: Hibernate ORM core version 5.6.15.Final
  2023-08-17 22:49:33.531  INFO 21692 --- [main] o.hibernate.annotations.common.Version   : HCANN000001: Hibernate Commons Annotations {5.1.2.Final}
  2023-08-17 22:49:33.779  INFO 21692 --- [main] org.hibernate.dialect.Dialect            : HHH000400: Using dialect: org.hibernate.dialect.H2Dialect
  2023-08-17 22:49:35.251  INFO 21692 --- [main] o.h.e.t.j.p.i.JtaPlatformInitiator       : HHH000490: Using JtaPlatform implementation: [org.hibernate.engine.transaction.jta.platform.internal.NoJtaPlatform]
  2023-08-17 22:49:35.273  INFO 21692 --- [main] j.LocalContainerEntityManagerFactoryBean : Initialized JPA EntityManagerFactory for persistence unit 'default'
  2023-08-17 22:49:37.583  INFO 21692 --- [main] o.s.s.web.DefaultSecurityFilterChain     : Will secure any request with [org.springframework.security.web.session.DisableEncodeUrlFilter@2c332922, org.springframework.security.web.context.request.async.WebAsyncManagerIntegrationFilter@6b8773c7, org.springframework.security.web.context.SecurityContextPersistenceFilter@720cbb7d, org.springframework.security.web.header.HeaderWriterFilter@61563a91, org.springframework.web.filter.CorsFilter@74534564, org.springframework.security.web.authentication.logout.LogoutFilter@71b01319, org.springframework.security.oauth2.client.web.OAuth2AuthorizationRequestRedirectFilter@463c5d0f, org.springframework.security.oauth2.client.web.OAuth2LoginAuthenticationFilter@5304cee, sixman.stackoverflow.auth.jwt.filter.JwtAuthenticationFilter@5876cd86, sixman.stackoverflow.auth.jwt.filter.JwtRefreshFilter@6d398593, sixman.stackoverflow.auth.jwt.filter.JwtVerificationFilter@3d70dab8, org.springframework.security.web.savedrequest.RequestCacheAwareFilter@3a72160a, org.springframework.security.web.servletapi.SecurityContextHolderAwareRequestFilter@2a01c55, org.springframework.security.web.authentication.AnonymousAuthenticationFilter@53e6c017, org.springframework.security.web.session.SessionManagementFilter@4e1ffe54, org.springframework.security.web.access.ExceptionTranslationFilter@19a2b224, org.springframework.security.web.access.intercept.FilterSecurityInterceptor@3c0640fa]
  2023-08-17 22:49:37.643  WARN 21692 --- [main] JpaBaseConfiguration$JpaWebConfiguration : spring.jpa.open-in-view is enabled by default. Therefore, database queries may be performed during view rendering. Explicitly configure spring.jpa.open-in-view to disable this warning
  2023-08-17 22:49:37.920  INFO 21692 --- [main] o.s.b.a.w.s.WelcomePageHandlerMapping    : Adding welcome page: class path resource [static/index.html]
  2023-08-17 22:49:55.185  INFO 37100 --- [main] s.s.StackoverflowApplication             : Starting StackoverflowApplication using Java 11.0.17 on hobeen with PID 37100 (C:\Users\kimhobeen\IdeaProjects\codeStates\seb45_pre_023\Server\build\classes\java\main started by kimhobeen in C:\Users\kimhobeen\IdeaProjects\codeStates\seb45_pre_023\Server)
  2023-08-17 22:49:55.187  INFO 37100 --- [main] s.s.StackoverflowApplication             : The following 1 profile is active: "local"
  2023-08-17 22:49:56.043  INFO 37100 --- [main] .s.d.r.c.RepositoryConfigurationDelegate : Multiple Spring Data modules found, entering strict repository configuration mode
  2023-08-17 22:49:56.046  INFO 37100 --- [main] .s.d.r.c.RepositoryConfigurationDelegate : Bootstrapping Spring Data JPA repositories in DEFAULT mode.
  2023-08-17 22:49:56.305  INFO 37100 --- [main] .s.d.r.c.RepositoryConfigurationDelegate : Finished Spring Data repository scanning in 251 ms. Found 7 JPA repository interfaces.
  2023-08-17 22:49:56.319  INFO 37100 --- [main] .s.d.r.c.RepositoryConfigurationDelegate : Multiple Spring Data modules found, entering strict repository configuration mode
  2023-08-17 22:49:56.320  INFO 37100 --- [main] .s.d.r.c.RepositoryConfigurationDelegate : Bootstrapping Spring Data Redis repositories in DEFAULT mode.
  2023-08-17 22:49:56.359  INFO 37100 --- [main] .RepositoryConfigurationExtensionSupport : Spring Data Redis - Could not safely identify store assignment for repository candidate interface sixman.stackoverflow.domain.answer.repository.AnswerRepository; If you want this repository to be a Redis repository, consider annotating your entities with one of these annotations: org.springframework.data.redis.core.RedisHash (preferred), or consider extending one of the following types with your repository: org.springframework.data.keyvalue.repository.KeyValueRepository
  2023-08-17 22:49:56.360  INFO 37100 --- [main] .RepositoryConfigurationExtensionSupport : Spring Data Redis - Could not safely identify store assignment for repository candidate interface sixman.stackoverflow.domain.answerrecommend.answerrecommendrepository.AnswerRecommendRepository; If you want this repository to be a Redis repository, consider annotating your entities with one of these annotations: org.springframework.data.redis.core.RedisHash (preferred), or consider extending one of the following types with your repository: org.springframework.data.keyvalue.repository.KeyValueRepository
  2023-08-17 22:49:56.361  INFO 37100 --- [main] .RepositoryConfigurationExtensionSupport : Spring Data Redis - Could not safely identify store assignment for repository candidate interface sixman.stackoverflow.domain.member.repository.MemberRepository; If you want this repository to be a Redis repository, consider annotating your entities with one of these annotations: org.springframework.data.redis.core.RedisHash (preferred), or consider extending one of the following types with your repository: org.springframework.data.keyvalue.repository.KeyValueRepository
  2023-08-17 22:49:56.362  INFO 37100 --- [main] .RepositoryConfigurationExtensionSupport : Spring Data Redis - Could not safely identify store assignment for repository candidate interface sixman.stackoverflow.domain.question.repository.QuestionRepository; If you want this repository to be a Redis repository, consider annotating your entities with one of these annotations: org.springframework.data.redis.core.RedisHash (preferred), or consider extending one of the following types with your repository: org.springframework.data.keyvalue.repository.KeyValueRepository
  2023-08-17 22:49:56.362  INFO 37100 --- [main] .RepositoryConfigurationExtensionSupport : Spring Data Redis - Could not safely identify store assignment for repository candidate interface sixman.stackoverflow.domain.questionrecommend.repository.QuestionRecommendRepository; If you want this repository to be a Redis repository, consider annotating your entities with one of these annotations: org.springframework.data.redis.core.RedisHash (preferred), or consider extending one of the following types with your repository: org.springframework.data.keyvalue.repository.KeyValueRepository
  2023-08-17 22:49:56.363  INFO 37100 --- [main] .RepositoryConfigurationExtensionSupport : Spring Data Redis - Could not safely identify store assignment for repository candidate interface sixman.stackoverflow.domain.reply.repository.ReplyRepository; If you want this repository to be a Redis repository, consider annotating your entities with one of these annotations: org.springframework.data.redis.core.RedisHash (preferred), or consider extending one of the following types with your repository: org.springframework.data.keyvalue.repository.KeyValueRepository
  2023-08-17 22:49:56.363  INFO 37100 --- [main] .RepositoryConfigurationExtensionSupport : Spring Data Redis - Could not safely identify store assignment for repository candidate interface sixman.stackoverflow.domain.tag.repository.TagRepository; If you want this repository to be a Redis repository, consider annotating your entities with one of these annotations: org.springframework.data.redis.core.RedisHash (preferred), or consider extending one of the following types with your repository: org.springframework.data.keyvalue.repository.KeyValueRepository
  2023-08-17 22:49:56.363  INFO 37100 --- [main] .s.d.r.c.RepositoryConfigurationDelegate : Finished Spring Data repository scanning in 35 ms. Found 0 Redis repository interfaces.
  2023-08-17 22:49:57.062  INFO 37100 --- [main] o.s.b.w.embedded.tomcat.TomcatWebServer  : Tomcat initialized with port(s): 8080 (http)
  2023-08-17 22:49:57.079  INFO 37100 --- [main] o.apache.catalina.core.StandardService   : Starting service [Tomcat]
  2023-08-17 22:49:57.080  INFO 37100 --- [main] org.apache.catalina.core.StandardEngine  : Starting Servlet engine: [Apache Tomcat/9.0.78]
  2023-08-17 22:49:57.242  INFO 37100 --- [main] o.a.c.c.C.[Tomcat].[localhost].[/]       : Initializing Spring embedded WebApplicationContext
  2023-08-17 22:49:57.243  INFO 37100 --- [main] w.s.c.ServletWebServerApplicationContext : Root WebApplicationContext: initialization completed in 2008 ms
  2023-08-17 22:49:57.268  INFO 37100 --- [main] com.zaxxer.hikari.HikariDataSource       : HikariPool-1 - Starting...
  2023-08-17 22:49:57.505  INFO 37100 --- [main] com.zaxxer.hikari.HikariDataSource       : HikariPool-1 - Start completed.
  2023-08-17 22:49:57.515  INFO 37100 --- [main] o.s.b.a.h2.H2ConsoleAutoConfiguration    : H2 console available at '/h2'. Database available at 'jdbc:h2:mem:test'
  2023-08-17 22:49:57.696  INFO 37100 --- [main] o.hibernate.jpa.internal.util.LogHelper  : HHH000204: Processing PersistenceUnitInfo [name: default]
  2023-08-17 22:49:57.761  INFO 37100 --- [main] org.hibernate.Version                    : HHH000412: Hibernate ORM core version 5.6.15.Final
  2023-08-17 22:49:57.979  INFO 37100 --- [main] o.hibernate.annotations.common.Version   : HCANN000001: Hibernate Commons Annotations {5.1.2.Final}
  2023-08-17 22:49:58.131  INFO 37100 --- [main] org.hibernate.dialect.Dialect            : HHH000400: Using dialect: org.hibernate.dialect.H2Dialect
  2023-08-17 22:49:59.117  INFO 37100 --- [main] o.h.e.t.j.p.i.JtaPlatformInitiator       : HHH000490: Using JtaPlatform implementation: [org.hibernate.engine.transaction.jta.platform.internal.NoJtaPlatform]
  2023-08-17 22:49:59.131  INFO 37100 --- [main] j.LocalContainerEntityManagerFactoryBean : Initialized JPA EntityManagerFactory for persistence unit 'default'
  2023-08-17 22:50:00.990  INFO 37100 --- [main] o.s.s.web.DefaultSecurityFilterChain     : Will secure any request with [org.springframework.security.web.session.DisableEncodeUrlFilter@58fa8762, org.springframework.security.web.context.request.async.WebAsyncManagerIntegrationFilter@8cd00bc, org.springframework.security.web.context.SecurityContextPersistenceFilter@55a7f0af, org.springframework.security.web.header.HeaderWriterFilter@7b5afde5, org.springframework.web.filter.CorsFilter@5035c23c, org.springframework.security.web.authentication.logout.LogoutFilter@3d5a6849, org.springframework.security.oauth2.client.web.OAuth2AuthorizationRequestRedirectFilter@744d0cfb, org.springframework.security.oauth2.client.web.OAuth2LoginAuthenticationFilter@7c943143, sixman.stackoverflow.auth.jwt.filter.JwtAuthenticationFilter@4149067d, sixman.stackoverflow.auth.jwt.filter.JwtRefreshFilter@4d8458a1, sixman.stackoverflow.auth.jwt.filter.JwtVerificationFilter@2d2c794d, org.springframework.security.web.savedrequest.RequestCacheAwareFilter@f6e9c18, org.springframework.security.web.servletapi.SecurityContextHolderAwareRequestFilter@75225415, org.springframework.security.web.authentication.AnonymousAuthenticationFilter@53f67af6, org.springframework.security.web.session.SessionManagementFilter@879f852, org.springframework.security.web.access.ExceptionTranslationFilter@45accb5, org.springframework.security.web.access.intercept.FilterSecurityInterceptor@179367ff]
  2023-08-17 22:50:01.036  WARN 37100 --- [main] JpaBaseConfiguration$JpaWebConfiguration : spring.jpa.open-in-view is enabled by default. Therefore, database queries may be performed during view rendering. Explicitly configure spring.jpa.open-in-view to disable this warning
  2023-08-17 22:50:01.258  INFO 37100 --- [main] o.s.b.a.w.s.WelcomePageHandlerMapping    : Adding welcome page: class path resource [static/index.html]
  2023-08-17 22:50:01.513  INFO 37100 --- [main] o.s.b.w.embedded.tomcat.TomcatWebServer  : Tomcat started on port(s): 8080 (http) with context path ''
  2023-08-17 22:50:01.523  INFO 37100 --- [main] s.s.StackoverflowApplication             : Started StackoverflowApplication in 6.927 seconds (JVM running for 8.232)
  2023-08-17 22:50:06.419  INFO 37100 --- [http-nio-8080-exec-1] o.a.c.c.C.[Tomcat].[localhost].[/]       : Initializing Spring DispatcherServlet 'dispatcherServlet'
  2023-08-17 22:50:06.421  INFO 37100 --- [http-nio-8080-exec-1] o.s.web.servlet.DispatcherServlet        : Initializing Servlet 'dispatcherServlet'
  2023-08-17 22:50:06.422  INFO 37100 --- [http-nio-8080-exec-1] o.s.web.servlet.DispatcherServlet        : Completed initialization in 1 ms
355d9101-2f51-4400-adf7-ef81bca7365e test@google.com 2023-08-17 22:50:06.545  INFO 37100 --- [http-nio-8080-exec-1] s.s.global.log.MDCLoggingFilter          : [duration : 2023-08-17T22:50:06.429035500]
1382309b-b719-4be2-b2d9-88761a980a4d test@google.com 2023-08-17 22:50:07.994  INFO 37100 --- [http-nio-8080-exec-5] s.s.global.log.MDCLoggingFilter          : [duration : 2023-08-17T22:50:07.989480100]
  2023-08-17 22:51:22.167  INFO 36244 --- [main] s.s.StackoverflowApplication             : Starting StackoverflowApplication using Java 11.0.17 on hobeen with PID 36244 (C:\Users\kimhobeen\IdeaProjects\codeStates\seb45_pre_023\Server\build\classes\java\main started by kimhobeen in C:\Users\kimhobeen\IdeaProjects\codeStates\seb45_pre_023\Server)
  2023-08-17 22:51:22.169  INFO 36244 --- [main] s.s.StackoverflowApplication             : The following 1 profile is active: "local"
  2023-08-17 22:51:23.023  INFO 36244 --- [main] .s.d.r.c.RepositoryConfigurationDelegate : Multiple Spring Data modules found, entering strict repository configuration mode
  2023-08-17 22:51:23.027  INFO 36244 --- [main] .s.d.r.c.RepositoryConfigurationDelegate : Bootstrapping Spring Data JPA repositories in DEFAULT mode.
  2023-08-17 22:51:23.265  INFO 36244 --- [main] .s.d.r.c.RepositoryConfigurationDelegate : Finished Spring Data repository scanning in 231 ms. Found 7 JPA repository interfaces.
  2023-08-17 22:51:23.276  INFO 36244 --- [main] .s.d.r.c.RepositoryConfigurationDelegate : Multiple Spring Data modules found, entering strict repository configuration mode
  2023-08-17 22:51:23.278  INFO 36244 --- [main] .s.d.r.c.RepositoryConfigurationDelegate : Bootstrapping Spring Data Redis repositories in DEFAULT mode.
  2023-08-17 22:51:23.320  INFO 36244 --- [main] .RepositoryConfigurationExtensionSupport : Spring Data Redis - Could not safely identify store assignment for repository candidate interface sixman.stackoverflow.domain.answer.repository.AnswerRepository; If you want this repository to be a Redis repository, consider annotating your entities with one of these annotations: org.springframework.data.redis.core.RedisHash (preferred), or consider extending one of the following types with your repository: org.springframework.data.keyvalue.repository.KeyValueRepository
  2023-08-17 22:51:23.321  INFO 36244 --- [main] .RepositoryConfigurationExtensionSupport : Spring Data Redis - Could not safely identify store assignment for repository candidate interface sixman.stackoverflow.domain.answerrecommend.answerrecommendrepository.AnswerRecommendRepository; If you want this repository to be a Redis repository, consider annotating your entities with one of these annotations: org.springframework.data.redis.core.RedisHash (preferred), or consider extending one of the following types with your repository: org.springframework.data.keyvalue.repository.KeyValueRepository
  2023-08-17 22:51:23.322  INFO 36244 --- [main] .RepositoryConfigurationExtensionSupport : Spring Data Redis - Could not safely identify store assignment for repository candidate interface sixman.stackoverflow.domain.member.repository.MemberRepository; If you want this repository to be a Redis repository, consider annotating your entities with one of these annotations: org.springframework.data.redis.core.RedisHash (preferred), or consider extending one of the following types with your repository: org.springframework.data.keyvalue.repository.KeyValueRepository
  2023-08-17 22:51:23.322  INFO 36244 --- [main] .RepositoryConfigurationExtensionSupport : Spring Data Redis - Could not safely identify store assignment for repository candidate interface sixman.stackoverflow.domain.question.repository.QuestionRepository; If you want this repository to be a Redis repository, consider annotating your entities with one of these annotations: org.springframework.data.redis.core.RedisHash (preferred), or consider extending one of the following types with your repository: org.springframework.data.keyvalue.repository.KeyValueRepository
  2023-08-17 22:51:23.323  INFO 36244 --- [main] .RepositoryConfigurationExtensionSupport : Spring Data Redis - Could not safely identify store assignment for repository candidate interface sixman.stackoverflow.domain.questionrecommend.repository.QuestionRecommendRepository; If you want this repository to be a Redis repository, consider annotating your entities with one of these annotations: org.springframework.data.redis.core.RedisHash (preferred), or consider extending one of the following types with your repository: org.springframework.data.keyvalue.repository.KeyValueRepository
  2023-08-17 22:51:23.323  INFO 36244 --- [main] .RepositoryConfigurationExtensionSupport : Spring Data Redis - Could not safely identify store assignment for repository candidate interface sixman.stackoverflow.domain.reply.repository.ReplyRepository; If you want this repository to be a Redis repository, consider annotating your entities with one of these annotations: org.springframework.data.redis.core.RedisHash (preferred), or consider extending one of the following types with your repository: org.springframework.data.keyvalue.repository.KeyValueRepository
  2023-08-17 22:51:23.325  INFO 36244 --- [main] .RepositoryConfigurationExtensionSupport : Spring Data Redis - Could not safely identify store assignment for repository candidate interface sixman.stackoverflow.domain.tag.repository.TagRepository; If you want this repository to be a Redis repository, consider annotating your entities with one of these annotations: org.springframework.data.redis.core.RedisHash (preferred), or consider extending one of the following types with your repository: org.springframework.data.keyvalue.repository.KeyValueRepository
  2023-08-17 22:51:23.325  INFO 36244 --- [main] .s.d.r.c.RepositoryConfigurationDelegate : Finished Spring Data repository scanning in 37 ms. Found 0 Redis repository interfaces.
  2023-08-17 22:51:23.955  INFO 36244 --- [main] o.s.b.w.embedded.tomcat.TomcatWebServer  : Tomcat initialized with port(s): 8080 (http)
  2023-08-17 22:51:23.966  INFO 36244 --- [main] o.apache.catalina.core.StandardService   : Starting service [Tomcat]
  2023-08-17 22:51:23.967  INFO 36244 --- [main] org.apache.catalina.core.StandardEngine  : Starting Servlet engine: [Apache Tomcat/9.0.78]
  2023-08-17 22:51:24.137  INFO 36244 --- [main] o.a.c.c.C.[Tomcat].[localhost].[/]       : Initializing Spring embedded WebApplicationContext
  2023-08-17 22:51:24.137  INFO 36244 --- [main] w.s.c.ServletWebServerApplicationContext : Root WebApplicationContext: initialization completed in 1925 ms
  2023-08-17 22:51:24.170  INFO 36244 --- [main] com.zaxxer.hikari.HikariDataSource       : HikariPool-1 - Starting...
  2023-08-17 22:51:24.391  INFO 36244 --- [main] com.zaxxer.hikari.HikariDataSource       : HikariPool-1 - Start completed.
  2023-08-17 22:51:24.404  INFO 36244 --- [main] o.s.b.a.h2.H2ConsoleAutoConfiguration    : H2 console available at '/h2'. Database available at 'jdbc:h2:mem:test'
  2023-08-17 22:51:24.584  INFO 36244 --- [main] o.hibernate.jpa.internal.util.LogHelper  : HHH000204: Processing PersistenceUnitInfo [name: default]
  2023-08-17 22:51:24.654  INFO 36244 --- [main] org.hibernate.Version                    : HHH000412: Hibernate ORM core version 5.6.15.Final
  2023-08-17 22:51:24.843  INFO 36244 --- [main] o.hibernate.annotations.common.Version   : HCANN000001: Hibernate Commons Annotations {5.1.2.Final}
  2023-08-17 22:51:24.963  INFO 36244 --- [main] org.hibernate.dialect.Dialect            : HHH000400: Using dialect: org.hibernate.dialect.H2Dialect
  2023-08-17 22:51:25.853  INFO 36244 --- [main] o.h.e.t.j.p.i.JtaPlatformInitiator       : HHH000490: Using JtaPlatform implementation: [org.hibernate.engine.transaction.jta.platform.internal.NoJtaPlatform]
  2023-08-17 22:51:25.867  INFO 36244 --- [main] j.LocalContainerEntityManagerFactoryBean : Initialized JPA EntityManagerFactory for persistence unit 'default'
  2023-08-17 22:51:27.742  INFO 36244 --- [main] o.s.s.web.DefaultSecurityFilterChain     : Will secure any request with [org.springframework.security.web.session.DisableEncodeUrlFilter@7b4b6dca, org.springframework.security.web.context.request.async.WebAsyncManagerIntegrationFilter@3622c9f0, org.springframework.security.web.context.SecurityContextPersistenceFilter@1b32aaca, org.springframework.security.web.header.HeaderWriterFilter@2140582, org.springframework.web.filter.CorsFilter@99a89e9, org.springframework.security.web.authentication.logout.LogoutFilter@23182d4d, org.springframework.security.oauth2.client.web.OAuth2AuthorizationRequestRedirectFilter@1c619a77, org.springframework.security.oauth2.client.web.OAuth2LoginAuthenticationFilter@7e7f72, sixman.stackoverflow.auth.jwt.filter.JwtAuthenticationFilter@5baabba, sixman.stackoverflow.auth.jwt.filter.JwtRefreshFilter@253fb3fa, sixman.stackoverflow.auth.jwt.filter.JwtVerificationFilter@57283e4, org.springframework.security.web.savedrequest.RequestCacheAwareFilter@5a14a8c1, org.springframework.security.web.servletapi.SecurityContextHolderAwareRequestFilter@879f852, org.springframework.security.web.authentication.AnonymousAuthenticationFilter@58fa8762, org.springframework.security.web.session.SessionManagementFilter@32c7495, org.springframework.security.web.access.ExceptionTranslationFilter@56957f08, org.springframework.security.web.access.intercept.FilterSecurityInterceptor@19aa9540]
  2023-08-17 22:51:27.794  WARN 36244 --- [main] JpaBaseConfiguration$JpaWebConfiguration : spring.jpa.open-in-view is enabled by default. Therefore, database queries may be performed during view rendering. Explicitly configure spring.jpa.open-in-view to disable this warning
  2023-08-17 22:51:27.991  INFO 36244 --- [main] o.s.b.a.w.s.WelcomePageHandlerMapping    : Adding welcome page: class path resource [static/index.html]
  2023-08-17 22:51:28.275  INFO 36244 --- [main] o.s.b.w.embedded.tomcat.TomcatWebServer  : Tomcat started on port(s): 8080 (http) with context path ''
  2023-08-17 22:51:28.285  INFO 36244 --- [main] s.s.StackoverflowApplication             : Started StackoverflowApplication in 6.748 seconds (JVM running for 8.287)
  2023-08-17 23:21:33.695  INFO 36244 --- [http-nio-8080-exec-1] o.a.c.c.C.[Tomcat].[localhost].[/]       : Initializing Spring DispatcherServlet 'dispatcherServlet'
  2023-08-17 23:21:33.697  INFO 36244 --- [http-nio-8080-exec-1] o.s.web.servlet.DispatcherServlet        : Initializing Servlet 'dispatcherServlet'
  2023-08-17 23:21:33.699  INFO 36244 --- [http-nio-8080-exec-1] o.s.web.servlet.DispatcherServlet        : Completed initialization in 1 ms
e298b56e-e637-4833-98ac-60dca92ca789 test@google.com 2023-08-17 23:21:33.828  INFO 36244 --- [http-nio-8080-exec-1] s.s.global.log.MDCLoggingFilter          : [e298b56e-e637-4833-98ac-60dca92ca789][test@google.com][duration : 123 ms]
  2023-08-17 23:22:26.082  INFO 12924 --- [main] s.s.StackoverflowApplication             : Starting StackoverflowApplication using Java 11.0.17 on hobeen with PID 12924 (C:\Users\kimhobeen\IdeaProjects\codeStates\seb45_pre_023\Server\build\classes\java\main started by kimhobeen in C:\Users\kimhobeen\IdeaProjects\codeStates\seb45_pre_023\Server)
  2023-08-17 23:22:26.086  INFO 12924 --- [main] s.s.StackoverflowApplication             : The following 1 profile is active: "local"
  2023-08-17 23:22:26.997  INFO 12924 --- [main] .s.d.r.c.RepositoryConfigurationDelegate : Multiple Spring Data modules found, entering strict repository configuration mode
  2023-08-17 23:22:27.002  INFO 12924 --- [main] .s.d.r.c.RepositoryConfigurationDelegate : Bootstrapping Spring Data JPA repositories in DEFAULT mode.
  2023-08-17 23:22:27.255  INFO 12924 --- [main] .s.d.r.c.RepositoryConfigurationDelegate : Finished Spring Data repository scanning in 244 ms. Found 7 JPA repository interfaces.
  2023-08-17 23:22:27.266  INFO 12924 --- [main] .s.d.r.c.RepositoryConfigurationDelegate : Multiple Spring Data modules found, entering strict repository configuration mode
  2023-08-17 23:22:27.268  INFO 12924 --- [main] .s.d.r.c.RepositoryConfigurationDelegate : Bootstrapping Spring Data Redis repositories in DEFAULT mode.
  2023-08-17 23:22:27.314  INFO 12924 --- [main] .RepositoryConfigurationExtensionSupport : Spring Data Redis - Could not safely identify store assignment for repository candidate interface sixman.stackoverflow.domain.answer.repository.AnswerRepository; If you want this repository to be a Redis repository, consider annotating your entities with one of these annotations: org.springframework.data.redis.core.RedisHash (preferred), or consider extending one of the following types with your repository: org.springframework.data.keyvalue.repository.KeyValueRepository
  2023-08-17 23:22:27.315  INFO 12924 --- [main] .RepositoryConfigurationExtensionSupport : Spring Data Redis - Could not safely identify store assignment for repository candidate interface sixman.stackoverflow.domain.answerrecommend.answerrecommendrepository.AnswerRecommendRepository; If you want this repository to be a Redis repository, consider annotating your entities with one of these annotations: org.springframework.data.redis.core.RedisHash (preferred), or consider extending one of the following types with your repository: org.springframework.data.keyvalue.repository.KeyValueRepository
  2023-08-17 23:22:27.316  INFO 12924 --- [main] .RepositoryConfigurationExtensionSupport : Spring Data Redis - Could not safely identify store assignment for repository candidate interface sixman.stackoverflow.domain.member.repository.MemberRepository; If you want this repository to be a Redis repository, consider annotating your entities with one of these annotations: org.springframework.data.redis.core.RedisHash (preferred), or consider extending one of the following types with your repository: org.springframework.data.keyvalue.repository.KeyValueRepository
  2023-08-17 23:22:27.316  INFO 12924 --- [main] .RepositoryConfigurationExtensionSupport : Spring Data Redis - Could not safely identify store assignment for repository candidate interface sixman.stackoverflow.domain.question.repository.QuestionRepository; If you want this repository to be a Redis repository, consider annotating your entities with one of these annotations: org.springframework.data.redis.core.RedisHash (preferred), or consider extending one of the following types with your repository: org.springframework.data.keyvalue.repository.KeyValueRepository
  2023-08-17 23:22:27.317  INFO 12924 --- [main] .RepositoryConfigurationExtensionSupport : Spring Data Redis - Could not safely identify store assignment for repository candidate interface sixman.stackoverflow.domain.questionrecommend.repository.QuestionRecommendRepository; If you want this repository to be a Redis repository, consider annotating your entities with one of these annotations: org.springframework.data.redis.core.RedisHash (preferred), or consider extending one of the following types with your repository: org.springframework.data.keyvalue.repository.KeyValueRepository
  2023-08-17 23:22:27.317  INFO 12924 --- [main] .RepositoryConfigurationExtensionSupport : Spring Data Redis - Could not safely identify store assignment for repository candidate interface sixman.stackoverflow.domain.reply.repository.ReplyRepository; If you want this repository to be a Redis repository, consider annotating your entities with one of these annotations: org.springframework.data.redis.core.RedisHash (preferred), or consider extending one of the following types with your repository: org.springframework.data.keyvalue.repository.KeyValueRepository
  2023-08-17 23:22:27.317  INFO 12924 --- [main] .RepositoryConfigurationExtensionSupport : Spring Data Redis - Could not safely identify store assignment for repository candidate interface sixman.stackoverflow.domain.tag.repository.TagRepository; If you want this repository to be a Redis repository, consider annotating your entities with one of these annotations: org.springframework.data.redis.core.RedisHash (preferred), or consider extending one of the following types with your repository: org.springframework.data.keyvalue.repository.KeyValueRepository
  2023-08-17 23:22:27.319  INFO 12924 --- [main] .s.d.r.c.RepositoryConfigurationDelegate : Finished Spring Data repository scanning in 41 ms. Found 0 Redis repository interfaces.
  2023-08-17 23:22:28.006  INFO 12924 --- [main] o.s.b.w.embedded.tomcat.TomcatWebServer  : Tomcat initialized with port(s): 8080 (http)
  2023-08-17 23:22:28.026  INFO 12924 --- [main] o.apache.catalina.core.StandardService   : Starting service [Tomcat]
  2023-08-17 23:22:28.027  INFO 12924 --- [main] org.apache.catalina.core.StandardEngine  : Starting Servlet engine: [Apache Tomcat/9.0.78]
  2023-08-17 23:22:28.187  INFO 12924 --- [main] o.a.c.c.C.[Tomcat].[localhost].[/]       : Initializing Spring embedded WebApplicationContext
  2023-08-17 23:22:28.189  INFO 12924 --- [main] w.s.c.ServletWebServerApplicationContext : Root WebApplicationContext: initialization completed in 2054 ms
  2023-08-17 23:22:28.215  INFO 12924 --- [main] com.zaxxer.hikari.HikariDataSource       : HikariPool-1 - Starting...
  2023-08-17 23:22:28.451  INFO 12924 --- [main] com.zaxxer.hikari.HikariDataSource       : HikariPool-1 - Start completed.
  2023-08-17 23:22:28.462  INFO 12924 --- [main] o.s.b.a.h2.H2ConsoleAutoConfiguration    : H2 console available at '/h2'. Database available at 'jdbc:h2:mem:test'
  2023-08-17 23:22:28.658  INFO 12924 --- [main] o.hibernate.jpa.internal.util.LogHelper  : HHH000204: Processing PersistenceUnitInfo [name: default]
  2023-08-17 23:22:28.730  INFO 12924 --- [main] org.hibernate.Version                    : HHH000412: Hibernate ORM core version 5.6.15.Final
  2023-08-17 23:22:28.935  INFO 12924 --- [main] o.hibernate.annotations.common.Version   : HCANN000001: Hibernate Commons Annotations {5.1.2.Final}
  2023-08-17 23:22:29.116  INFO 12924 --- [main] org.hibernate.dialect.Dialect            : HHH000400: Using dialect: org.hibernate.dialect.H2Dialect
  2023-08-17 23:22:30.323  INFO 12924 --- [main] o.h.e.t.j.p.i.JtaPlatformInitiator       : HHH000490: Using JtaPlatform implementation: [org.hibernate.engine.transaction.jta.platform.internal.NoJtaPlatform]
  2023-08-17 23:22:30.337  INFO 12924 --- [main] j.LocalContainerEntityManagerFactoryBean : Initialized JPA EntityManagerFactory for persistence unit 'default'
  2023-08-17 23:22:32.256  INFO 12924 --- [main] o.s.s.web.DefaultSecurityFilterChain     : Will secure any request with [org.springframework.security.web.session.DisableEncodeUrlFilter@4cb084b, org.springframework.security.web.context.request.async.WebAsyncManagerIntegrationFilter@7d911f95, org.springframework.security.web.context.SecurityContextPersistenceFilter@5b0fc8c2, org.springframework.security.web.header.HeaderWriterFilter@3a7abd4, org.springframework.web.filter.CorsFilter@7313e4fb, org.springframework.security.web.authentication.logout.LogoutFilter@751636da, org.springframework.security.oauth2.client.web.OAuth2AuthorizationRequestRedirectFilter@5ed4c87, org.springframework.security.oauth2.client.web.OAuth2LoginAuthenticationFilter@30a1b9b0, sixman.stackoverflow.auth.jwt.filter.JwtAuthenticationFilter@3e5e7f4c, sixman.stackoverflow.auth.jwt.filter.JwtRefreshFilter@620ba19c, sixman.stackoverflow.auth.jwt.filter.JwtVerificationFilter@179367ff, org.springframework.security.web.savedrequest.RequestCacheAwareFilter@7ebc2975, org.springframework.security.web.servletapi.SecurityContextHolderAwareRequestFilter@32c7495, org.springframework.security.web.authentication.AnonymousAuthenticationFilter@7b4b6dca, org.springframework.security.web.session.SessionManagementFilter@40a32c25, org.springframework.security.web.access.ExceptionTranslationFilter@30b91493, org.springframework.security.web.access.intercept.FilterSecurityInterceptor@47fe4c3e]
  2023-08-17 23:22:32.306  WARN 12924 --- [main] JpaBaseConfiguration$JpaWebConfiguration : spring.jpa.open-in-view is enabled by default. Therefore, database queries may be performed during view rendering. Explicitly configure spring.jpa.open-in-view to disable this warning
  2023-08-17 23:22:32.530  INFO 12924 --- [main] o.s.b.a.w.s.WelcomePageHandlerMapping    : Adding welcome page: class path resource [static/index.html]
  2023-08-17 23:22:32.810  INFO 12924 --- [main] o.s.b.w.embedded.tomcat.TomcatWebServer  : Tomcat started on port(s): 8080 (http) with context path ''
  2023-08-17 23:22:32.821  INFO 12924 --- [main] s.s.StackoverflowApplication             : Started StackoverflowApplication in 7.376 seconds (JVM running for 9.072)
  2023-08-17 23:23:08.404  INFO 12924 --- [http-nio-8080-exec-1] o.a.c.c.C.[Tomcat].[localhost].[/]       : Initializing Spring DispatcherServlet 'dispatcherServlet'
  2023-08-17 23:23:08.405  INFO 12924 --- [http-nio-8080-exec-1] o.s.web.servlet.DispatcherServlet        : Initializing Servlet 'dispatcherServlet'
  2023-08-17 23:23:08.408  INFO 12924 --- [http-nio-8080-exec-1] o.s.web.servlet.DispatcherServlet        : Completed initialization in 1 ms
4052841e-f982-4d6f-a73a-977579a5b30f test@google.com 2023-08-17 23:23:11.224  INFO 12924 --- [http-nio-8080-exec-1] s.s.global.log.MDCLoggingFilter          : [duration : 125 ms]
  2023-08-17 23:25:32.825  INFO 31048 --- [main] s.s.StackoverflowApplication             : Starting StackoverflowApplication using Java 11.0.17 on hobeen with PID 31048 (C:\Users\kimhobeen\IdeaProjects\codeStates\seb45_pre_023\Server\build\classes\java\main started by kimhobeen in C:\Users\kimhobeen\IdeaProjects\codeStates\seb45_pre_023\Server)
  2023-08-17 23:25:32.827  INFO 31048 --- [main] s.s.StackoverflowApplication             : The following 1 profile is active: "local"
  2023-08-17 23:25:33.710  INFO 31048 --- [main] .s.d.r.c.RepositoryConfigurationDelegate : Multiple Spring Data modules found, entering strict repository configuration mode
  2023-08-17 23:25:33.714  INFO 31048 --- [main] .s.d.r.c.RepositoryConfigurationDelegate : Bootstrapping Spring Data JPA repositories in DEFAULT mode.
  2023-08-17 23:25:33.988  INFO 31048 --- [main] .s.d.r.c.RepositoryConfigurationDelegate : Finished Spring Data repository scanning in 264 ms. Found 7 JPA repository interfaces.
  2023-08-17 23:25:34.001  INFO 31048 --- [main] .s.d.r.c.RepositoryConfigurationDelegate : Multiple Spring Data modules found, entering strict repository configuration mode
  2023-08-17 23:25:34.003  INFO 31048 --- [main] .s.d.r.c.RepositoryConfigurationDelegate : Bootstrapping Spring Data Redis repositories in DEFAULT mode.
  2023-08-17 23:25:34.045  INFO 31048 --- [main] .RepositoryConfigurationExtensionSupport : Spring Data Redis - Could not safely identify store assignment for repository candidate interface sixman.stackoverflow.domain.answer.repository.AnswerRepository; If you want this repository to be a Redis repository, consider annotating your entities with one of these annotations: org.springframework.data.redis.core.RedisHash (preferred), or consider extending one of the following types with your repository: org.springframework.data.keyvalue.repository.KeyValueRepository
  2023-08-17 23:25:34.046  INFO 31048 --- [main] .RepositoryConfigurationExtensionSupport : Spring Data Redis - Could not safely identify store assignment for repository candidate interface sixman.stackoverflow.domain.answerrecommend.answerrecommendrepository.AnswerRecommendRepository; If you want this repository to be a Redis repository, consider annotating your entities with one of these annotations: org.springframework.data.redis.core.RedisHash (preferred), or consider extending one of the following types with your repository: org.springframework.data.keyvalue.repository.KeyValueRepository
  2023-08-17 23:25:34.047  INFO 31048 --- [main] .RepositoryConfigurationExtensionSupport : Spring Data Redis - Could not safely identify store assignment for repository candidate interface sixman.stackoverflow.domain.member.repository.MemberRepository; If you want this repository to be a Redis repository, consider annotating your entities with one of these annotations: org.springframework.data.redis.core.RedisHash (preferred), or consider extending one of the following types with your repository: org.springframework.data.keyvalue.repository.KeyValueRepository
  2023-08-17 23:25:34.047  INFO 31048 --- [main] .RepositoryConfigurationExtensionSupport : Spring Data Redis - Could not safely identify store assignment for repository candidate interface sixman.stackoverflow.domain.question.repository.QuestionRepository; If you want this repository to be a Redis repository, consider annotating your entities with one of these annotations: org.springframework.data.redis.core.RedisHash (preferred), or consider extending one of the following types with your repository: org.springframework.data.keyvalue.repository.KeyValueRepository
  2023-08-17 23:25:34.047  INFO 31048 --- [main] .RepositoryConfigurationExtensionSupport : Spring Data Redis - Could not safely identify store assignment for repository candidate interface sixman.stackoverflow.domain.questionrecommend.repository.QuestionRecommendRepository; If you want this repository to be a Redis repository, consider annotating your entities with one of these annotations: org.springframework.data.redis.core.RedisHash (preferred), or consider extending one of the following types with your repository: org.springframework.data.keyvalue.repository.KeyValueRepository
  2023-08-17 23:25:34.047  INFO 31048 --- [main] .RepositoryConfigurationExtensionSupport : Spring Data Redis - Could not safely identify store assignment for repository candidate interface sixman.stackoverflow.domain.reply.repository.ReplyRepository; If you want this repository to be a Redis repository, consider annotating your entities with one of these annotations: org.springframework.data.redis.core.RedisHash (preferred), or consider extending one of the following types with your repository: org.springframework.data.keyvalue.repository.KeyValueRepository
  2023-08-17 23:25:34.048  INFO 31048 --- [main] .RepositoryConfigurationExtensionSupport : Spring Data Redis - Could not safely identify store assignment for repository candidate interface sixman.stackoverflow.domain.tag.repository.TagRepository; If you want this repository to be a Redis repository, consider annotating your entities with one of these annotations: org.springframework.data.redis.core.RedisHash (preferred), or consider extending one of the following types with your repository: org.springframework.data.keyvalue.repository.KeyValueRepository
  2023-08-17 23:25:34.048  INFO 31048 --- [main] .s.d.r.c.RepositoryConfigurationDelegate : Finished Spring Data repository scanning in 34 ms. Found 0 Redis repository interfaces.
  2023-08-17 23:25:34.735  INFO 31048 --- [main] o.s.b.w.embedded.tomcat.TomcatWebServer  : Tomcat initialized with port(s): 8080 (http)
  2023-08-17 23:25:34.751  INFO 31048 --- [main] o.apache.catalina.core.StandardService   : Starting service [Tomcat]
  2023-08-17 23:25:34.751  INFO 31048 --- [main] org.apache.catalina.core.StandardEngine  : Starting Servlet engine: [Apache Tomcat/9.0.78]
  2023-08-17 23:25:34.919  INFO 31048 --- [main] o.a.c.c.C.[Tomcat].[localhost].[/]       : Initializing Spring embedded WebApplicationContext
  2023-08-17 23:25:34.919  INFO 31048 --- [main] w.s.c.ServletWebServerApplicationContext : Root WebApplicationContext: initialization completed in 2046 ms
  2023-08-17 23:25:34.943  INFO 31048 --- [main] com.zaxxer.hikari.HikariDataSource       : HikariPool-1 - Starting...
  2023-08-17 23:25:35.183  INFO 31048 --- [main] com.zaxxer.hikari.HikariDataSource       : HikariPool-1 - Start completed.
  2023-08-17 23:25:35.196  INFO 31048 --- [main] o.s.b.a.h2.H2ConsoleAutoConfiguration    : H2 console available at '/h2'. Database available at 'jdbc:h2:mem:test'
  2023-08-17 23:25:35.395  INFO 31048 --- [main] o.hibernate.jpa.internal.util.LogHelper  : HHH000204: Processing PersistenceUnitInfo [name: default]
  2023-08-17 23:25:35.464  INFO 31048 --- [main] org.hibernate.Version                    : HHH000412: Hibernate ORM core version 5.6.15.Final
  2023-08-17 23:25:35.677  INFO 31048 --- [main] o.hibernate.annotations.common.Version   : HCANN000001: Hibernate Commons Annotations {5.1.2.Final}
  2023-08-17 23:25:35.830  INFO 31048 --- [main] org.hibernate.dialect.Dialect            : HHH000400: Using dialect: org.hibernate.dialect.H2Dialect
  2023-08-17 23:25:36.931  INFO 31048 --- [main] o.h.e.t.j.p.i.JtaPlatformInitiator       : HHH000490: Using JtaPlatform implementation: [org.hibernate.engine.transaction.jta.platform.internal.NoJtaPlatform]
  2023-08-17 23:25:36.950  INFO 31048 --- [main] j.LocalContainerEntityManagerFactoryBean : Initialized JPA EntityManagerFactory for persistence unit 'default'
  2023-08-17 23:25:39.140  INFO 31048 --- [main] o.s.s.web.DefaultSecurityFilterChain     : Will secure any request with [org.springframework.security.web.session.DisableEncodeUrlFilter@4cb084b, org.springframework.security.web.context.request.async.WebAsyncManagerIntegrationFilter@7d911f95, org.springframework.security.web.context.SecurityContextPersistenceFilter@5b0fc8c2, org.springframework.security.web.header.HeaderWriterFilter@3a7abd4, org.springframework.web.filter.CorsFilter@7313e4fb, org.springframework.security.web.authentication.logout.LogoutFilter@751636da, org.springframework.security.oauth2.client.web.OAuth2AuthorizationRequestRedirectFilter@5ed4c87, org.springframework.security.oauth2.client.web.OAuth2LoginAuthenticationFilter@30a1b9b0, sixman.stackoverflow.auth.jwt.filter.JwtAuthenticationFilter@3e5e7f4c, sixman.stackoverflow.auth.jwt.filter.JwtRefreshFilter@620ba19c, sixman.stackoverflow.auth.jwt.filter.JwtVerificationFilter@179367ff, org.springframework.security.web.savedrequest.RequestCacheAwareFilter@7ebc2975, org.springframework.security.web.servletapi.SecurityContextHolderAwareRequestFilter@32c7495, org.springframework.security.web.authentication.AnonymousAuthenticationFilter@7b4b6dca, org.springframework.security.web.session.SessionManagementFilter@40a32c25, org.springframework.security.web.access.ExceptionTranslationFilter@30b91493, org.springframework.security.web.access.intercept.FilterSecurityInterceptor@47fe4c3e]
  2023-08-17 23:25:39.192  WARN 31048 --- [main] JpaBaseConfiguration$JpaWebConfiguration : spring.jpa.open-in-view is enabled by default. Therefore, database queries may be performed during view rendering. Explicitly configure spring.jpa.open-in-view to disable this warning
  2023-08-17 23:25:39.415  INFO 31048 --- [main] o.s.b.a.w.s.WelcomePageHandlerMapping    : Adding welcome page: class path resource [static/index.html]
  2023-08-17 23:25:39.685  INFO 31048 --- [main] o.s.b.w.embedded.tomcat.TomcatWebServer  : Tomcat started on port(s): 8080 (http) with context path ''
  2023-08-17 23:25:39.698  INFO 31048 --- [main] s.s.StackoverflowApplication             : Started StackoverflowApplication in 7.512 seconds (JVM running for 9.113)
  2023-08-17 23:25:42.452  INFO 31048 --- [http-nio-8080-exec-2] o.a.c.c.C.[Tomcat].[localhost].[/]       : Initializing Spring DispatcherServlet 'dispatcherServlet'
  2023-08-17 23:25:42.455  INFO 31048 --- [http-nio-8080-exec-2] o.s.web.servlet.DispatcherServlet        : Initializing Servlet 'dispatcherServlet'
  2023-08-17 23:25:42.457  INFO 31048 --- [http-nio-8080-exec-2] o.s.web.servlet.DispatcherServlet        : Completed initialization in 1 ms
2db897bf-dc53-4ccf-96e7-a7bacbbcea50 test@google.com 2023-08-17 23:25:45.144  INFO 31048 --- [http-nio-8080-exec-2] s.s.global.log.MDCLoggingFilter          : [GET:/members][duration : 202 ms]
fbaa4c58-8ea3-4412-86d7-baeaeab02592 test@google.com 2023-08-17 23:25:51.381  INFO 31048 --- [http-nio-8080-exec-3] s.s.global.log.MDCLoggingFilter          : [GET:/members/1][duration : 143 ms]
