0c02bdef-ea31-4137-90a1-e9d26a2cb696 test@google.com 2023-08-17 22:41:21.735 ERROR 37464 --- [http-nio-8080-exec-3] s.s.auth.controller.AuthController       : error
3a5b437d-5ded-4923-af9d-649070f2e3f9 test@google.com 2023-08-17 22:42:25.121 ERROR 37464 --- [http-nio-8080-exec-5] s.s.auth.controller.AuthController       : error
d0746fed-c826-4fe2-8652-e44857a717fb test@google.com 2023-08-17 22:43:08.752 ERROR 33980 --- [http-nio-8080-exec-1] s.s.auth.controller.AuthController       : error
5e9a06a9-d720-42af-8ae2-e0777d99a19d test@google.com 2023-08-17 22:43:29.402 ERROR 33980 --- [http-nio-8080-exec-4] s.s.auth.controller.AuthController       : error
eb562dc4-6b28-494b-8630-06b632b93db1 test@google.com 2023-08-17 22:43:35.437 ERROR 33980 --- [http-nio-8080-exec-6] s.s.auth.controller.AuthController       : error
a87699c5-aee1-4d66-8c3b-7fd830ce1aad test@google.com 2023-08-17 22:44:20.553 ERROR 33980 --- [http-nio-8080-exec-8] s.s.auth.controller.AuthController       : error
  2023-08-17 22:47:58.554  INFO 14204 --- [main] s.s.StackoverflowApplication             : Starting StackoverflowApplication using Java 11.0.17 on hobeen with PID 14204 (C:\Users\kimhobeen\IdeaProjects\codeStates\seb45_pre_023\Server\build\classes\java\main started by kimhobeen in C:\Users\kimhobeen\IdeaProjects\codeStates\seb45_pre_023\Server)
  2023-08-17 22:47:58.557  INFO 14204 --- [main] s.s.StackoverflowApplication             : The following 1 profile is active: "local"
  2023-08-17 22:47:59.503  INFO 14204 --- [main] .s.d.r.c.RepositoryConfigurationDelegate : Multiple Spring Data modules found, entering strict repository configuration mode
  2023-08-17 22:47:59.507  INFO 14204 --- [main] .s.d.r.c.RepositoryConfigurationDelegate : Bootstrapping Spring Data JPA repositories in DEFAULT mode.
  2023-08-17 22:47:59.782  INFO 14204 --- [main] .s.d.r.c.RepositoryConfigurationDelegate : Finished Spring Data repository scanning in 265 ms. Found 7 JPA repository interfaces.
  2023-08-17 22:47:59.793  INFO 14204 --- [main] .s.d.r.c.RepositoryConfigurationDelegate : Multiple Spring Data modules found, entering strict repository configuration mode
  2023-08-17 22:47:59.795  INFO 14204 --- [main] .s.d.r.c.RepositoryConfigurationDelegate : Bootstrapping Spring Data Redis repositories in DEFAULT mode.
  2023-08-17 22:47:59.841  INFO 14204 --- [main] .RepositoryConfigurationExtensionSupport : Spring Data Redis - Could not safely identify store assignment for repository candidate interface sixman.stackoverflow.domain.answer.repository.AnswerRepository; If you want this repository to be a Redis repository, consider annotating your entities with one of these annotations: org.springframework.data.redis.core.RedisHash (preferred), or consider extending one of the following types with your repository: org.springframework.data.keyvalue.repository.KeyValueRepository
  2023-08-17 22:47:59.843  INFO 14204 --- [main] .RepositoryConfigurationExtensionSupport : Spring Data Redis - Could not safely identify store assignment for repository candidate interface sixman.stackoverflow.domain.answerrecommend.answerrecommendrepository.AnswerRecommendRepository; If you want this repository to be a Redis repository, consider annotating your entities with one of these annotations: org.springframework.data.redis.core.RedisHash (preferred), or consider extending one of the following types with your repository: org.springframework.data.keyvalue.repository.KeyValueRepository
  2023-08-17 22:47:59.844  INFO 14204 --- [main] .RepositoryConfigurationExtensionSupport : Spring Data Redis - Could not safely identify store assignment for repository candidate interface sixman.stackoverflow.domain.member.repository.MemberRepository; If you want this repository to be a Redis repository, consider annotating your entities with one of these annotations: org.springframework.data.redis.core.RedisHash (preferred), or consider extending one of the following types with your repository: org.springframework.data.keyvalue.repository.KeyValueRepository
  2023-08-17 22:47:59.844  INFO 14204 --- [main] .RepositoryConfigurationExtensionSupport : Spring Data Redis - Could not safely identify store assignment for repository candidate interface sixman.stackoverflow.domain.question.repository.QuestionRepository; If you want this repository to be a Redis repository, consider annotating your entities with one of these annotations: org.springframework.data.redis.core.RedisHash (preferred), or consider extending one of the following types with your repository: org.springframework.data.keyvalue.repository.KeyValueRepository
  2023-08-17 22:47:59.845  INFO 14204 --- [main] .RepositoryConfigurationExtensionSupport : Spring Data Redis - Could not safely identify store assignment for repository candidate interface sixman.stackoverflow.domain.questionrecommend.repository.QuestionRecommendRepository; If you want this repository to be a Redis repository, consider annotating your entities with one of these annotations: org.springframework.data.redis.core.RedisHash (preferred), or consider extending one of the following types with your repository: org.springframework.data.keyvalue.repository.KeyValueRepository
  2023-08-17 22:47:59.846  INFO 14204 --- [main] .RepositoryConfigurationExtensionSupport : Spring Data Redis - Could not safely identify store assignment for repository candidate interface sixman.stackoverflow.domain.reply.repository.ReplyRepository; If you want this repository to be a Redis repository, consider annotating your entities with one of these annotations: org.springframework.data.redis.core.RedisHash (preferred), or consider extending one of the following types with your repository: org.springframework.data.keyvalue.repository.KeyValueRepository
  2023-08-17 22:47:59.846  INFO 14204 --- [main] .RepositoryConfigurationExtensionSupport : Spring Data Redis - Could not safely identify store assignment for repository candidate interface sixman.stackoverflow.domain.tag.repository.TagRepository; If you want this repository to be a Redis repository, consider annotating your entities with one of these annotations: org.springframework.data.redis.core.RedisHash (preferred), or consider extending one of the following types with your repository: org.springframework.data.keyvalue.repository.KeyValueRepository
  2023-08-17 22:47:59.847  INFO 14204 --- [main] .s.d.r.c.RepositoryConfigurationDelegate : Finished Spring Data repository scanning in 40 ms. Found 0 Redis repository interfaces.
  2023-08-17 22:48:00.531  INFO 14204 --- [main] o.s.b.w.embedded.tomcat.TomcatWebServer  : Tomcat initialized with port(s): 8080 (http)
  2023-08-17 22:48:00.552  INFO 14204 --- [main] o.apache.catalina.core.StandardService   : Starting service [Tomcat]
  2023-08-17 22:48:00.552  INFO 14204 --- [main] org.apache.catalina.core.StandardEngine  : Starting Servlet engine: [Apache Tomcat/9.0.78]
  2023-08-17 22:48:00.844  INFO 14204 --- [main] o.a.c.c.C.[Tomcat].[localhost].[/]       : Initializing Spring embedded WebApplicationContext
  2023-08-17 22:48:00.844  INFO 14204 --- [main] w.s.c.ServletWebServerApplicationContext : Root WebApplicationContext: initialization completed in 2239 ms
  2023-08-17 22:48:00.872  INFO 14204 --- [main] com.zaxxer.hikari.HikariDataSource       : HikariPool-1 - Starting...
  2023-08-17 22:48:01.210  INFO 14204 --- [main] com.zaxxer.hikari.HikariDataSource       : HikariPool-1 - Start completed.
  2023-08-17 22:48:01.222  INFO 14204 --- [main] o.s.b.a.h2.H2ConsoleAutoConfiguration    : H2 console available at '/h2'. Database available at 'jdbc:h2:mem:test'
  2023-08-17 22:48:01.408  INFO 14204 --- [main] o.hibernate.jpa.internal.util.LogHelper  : HHH000204: Processing PersistenceUnitInfo [name: default]
  2023-08-17 22:48:01.468  INFO 14204 --- [main] org.hibernate.Version                    : HHH000412: Hibernate ORM core version 5.6.15.Final
  2023-08-17 22:48:01.681  INFO 14204 --- [main] o.hibernate.annotations.common.Version   : HCANN000001: Hibernate Commons Annotations {5.1.2.Final}
  2023-08-17 22:48:01.817  INFO 14204 --- [main] org.hibernate.dialect.Dialect            : HHH000400: Using dialect: org.hibernate.dialect.H2Dialect
  2023-08-17 22:48:02.804  INFO 14204 --- [main] o.h.e.t.j.p.i.JtaPlatformInitiator       : HHH000490: Using JtaPlatform implementation: [org.hibernate.engine.transaction.jta.platform.internal.NoJtaPlatform]
  2023-08-17 22:48:02.819  INFO 14204 --- [main] j.LocalContainerEntityManagerFactoryBean : Initialized JPA EntityManagerFactory for persistence unit 'default'
  2023-08-17 22:48:04.616  INFO 14204 --- [main] o.s.s.web.DefaultSecurityFilterChain     : Will secure any request with [org.springframework.security.web.session.DisableEncodeUrlFilter@6be6cb16, org.springframework.security.web.context.request.async.WebAsyncManagerIntegrationFilter@69ee825c, org.springframework.security.web.context.SecurityContextPersistenceFilter@2771e501, org.springframework.security.web.header.HeaderWriterFilter@2c64e2d0, org.springframework.web.filter.CorsFilter@5c44bce3, org.springframework.security.web.authentication.logout.LogoutFilter@85446a, org.springframework.security.oauth2.client.web.OAuth2AuthorizationRequestRedirectFilter@492d0748, org.springframework.security.oauth2.client.web.OAuth2LoginAuthenticationFilter@6a4ba6f4, sixman.stackoverflow.auth.jwt.filter.JwtAuthenticationFilter@444958a4, sixman.stackoverflow.auth.jwt.filter.JwtRefreshFilter@19aa9540, sixman.stackoverflow.auth.jwt.filter.JwtVerificationFilter@4cb084b, org.springframework.security.web.savedrequest.RequestCacheAwareFilter@3846ba32, org.springframework.security.web.servletapi.SecurityContextHolderAwareRequestFilter@40a32c25, org.springframework.security.web.authentication.AnonymousAuthenticationFilter@7d911f95, org.springframework.security.web.session.SessionManagementFilter@11f6a083, org.springframework.security.web.access.ExceptionTranslationFilter@15382815, org.springframework.security.web.access.intercept.FilterSecurityInterceptor@9da20f1]
  2023-08-17 22:48:04.664  WARN 14204 --- [main] JpaBaseConfiguration$JpaWebConfiguration : spring.jpa.open-in-view is enabled by default. Therefore, database queries may be performed during view rendering. Explicitly configure spring.jpa.open-in-view to disable this warning
  2023-08-17 22:48:04.884  INFO 14204 --- [main] o.s.b.a.w.s.WelcomePageHandlerMapping    : Adding welcome page: class path resource [static/index.html]
  2023-08-17 22:48:05.159  INFO 14204 --- [main] o.s.b.w.embedded.tomcat.TomcatWebServer  : Tomcat started on port(s): 8080 (http) with context path ''
  2023-08-17 22:48:05.171  INFO 14204 --- [main] s.s.StackoverflowApplication             : Started StackoverflowApplication in 7.2 seconds (JVM running for 8.658)
